
> sugarnote_hp@1.0.0 build
> next build

▲ Next.js 16.1.6 (Turbopack)
- Environments: .env.local

⚠ The "middleware" file convention is deprecated. Please use "proxy" instead. Learn more: https://nextjs.org/docs/messages/middleware-to-proxy
  Creating an optimized production build ...

> Build error occurred
Error: Turbopack build failed with 1 errors:
./src/app/[locale]/layout.tsx:6:1
Module not found: Can't resolve './globals.css'
[0m [90m 4 |[39m [36mimport[39m { routing } [36mfrom[39m [32m"@/i18n/routing"[39m[33m;[39m
 [90m 5 |[39m [36mimport[39m { notFound } [36mfrom[39m [32m"next/navigation"[39m[33m;[39m
[31m[1m>[22m[39m[90m 6 |[39m [36mimport[39m [32m"./globals.css"[39m[33m;[39m
 [90m   |[39m [31m[1m^[22m[39m[31m[1m^[22m[39m[31m[1m^[22m[39m[31m[1m^[22m[39m[31m[1m^[22m[39m[31m[1m^[22m[39m[31m[1m^[22m[39m[31m[1m^[22m[39m[31m[1m^[22m[39m[31m[1m^[22m[39m[31m[1m^[22m[39m[31m[1m^[22m[39m[31m[1m^[22m[39m[31m[1m^[22m[39m[31m[1m^[22m[39m[31m[1m^[22m[39m[31m[1m^[22m[39m[31m[1m^[22m[39m[31m[1m^[22m[39m[31m[1m^[22m[39m[31m[1m^[22m[39m[31m[1m^[22m[39m[31m[1m^[22m[39m
 [90m 7 |[39m [36mimport[39m { [33mMontserrat[39m[33m,[39m [33mNoto_Sans_JP[39m[33m,[39m [33mSarabun[39m } [36mfrom[39m [32m"next/font/google"[39m[33m;[39m
 [90m 8 |[39m
 [90m 9 |[39m [36mconst[39m montserrat [33m=[39m [33mMontserrat[39m({ [0m



https://nextjs.org/docs/messages/module-not-found


    at <unknown> (./src/app/[locale]/layout.tsx:6:1)
    at <unknown> (https://nextjs.org/docs/messages/module-not-found)
